
*** Compute the rational points on X0(169)+ ***
3
[ 1.13550003379662676837731837782, 1.00608193252841146235676593604, 0.672484471946315117478906046905 ]
Curve over Rational Field defined by
x[1]^2*x[2]^2 + x[1]*x[2]^3 + x[1]^3*x[3] + x[1]^2*x[2]*x[3] + x[2]^3*x[3] + x[1]^2*x[3]^2 + x[1]*x[2]*x[3]^2 - 3*x[2]^2*x[3]^2 - x[1]*x[3]^3 + x[2]*x[3]^3
y0^3 + y0^2*x0^2 + y0^2*x0 + y0^2 + y0*x0^3 + y0*x0 - y0 + x0^3 - 3*x0^2 + x0

 Starting quadratic Chabauty computation for the affine patch 
 y^3 + (x^2 + x + 1)*y^2 + (x^3 + x - 1)*y + x^3 - 3*x^2 + x = 0
 at the prime p = 3

 Computing Hodge filtration for correspondence 1.
 eta =  ( 5873004116/293520575 -3044473272/293520575).
 beta_fil  =  (-4161067363/1467602875   -643853604/293520575   -207042607/293520575).
 gamma_fil =  (-20888716305696/137846924717329*x^2 - 206303407337060/137846924717329*x + 197601569606230/137846924717329   -29590554036526/137846924717329   0).

 Computing Frobenius structure for correspondence 1.
 Computing Hodge filtration for correspondence 2.
 eta =  (-14667851994/293520575      141356772/4974925).
 beta_fil  =  (629347509/293520575   93330612/58704115   27632601/58704115).
 gamma_fil =  (14294071185336/137846924717329*x^2 + 213186311291685/137846924717329*x - 218730380199123/137846924717329   8750002277898/137846924717329   0).

 Computing Frobenius structure for correspondence 2.
 The quadratic Chabauty function for correspondence 1 is correct to precision 3^13.
 The quadratic Chabauty function for correspondence 2 is correct to precision 3^13.
 All roots of the quadratic Chabauty function(s) are correct to precision at least 3^11.

 The common roots of the quadratic Chabauty function(s) in this affine patch are 
 [
[ O(3^13), O(3^13) ],
[ 2 + O(3^12), -2 + O(3^12) ],
[ 797161 + O(3^13), -1 + O(3^13) ],
[ 1 + O(3^13), -1 + O(3^13) ]
] 


 Starting quadratic Chabauty computation for the affine patch 
 y^4 + (x + 6)*y^3 + (-4*x^2 - 20*x)*y^2 + (-32*x^2 - 112*x - 48)*y + 64*x^3 - 128*x - 64 = 0
 at the prime p = 3

 Computing Hodge filtration for correspondence 1.
 eta =  (-10712179244981299697014661966689998424166072084997570593291586416117559679/38385572075250222211974880613826320184697796267041779819310145009578 -6462684953911252579129024184144569011184890034654320820188861124585578164333/6064920387889535109492031136984558589182251810192601211451002911513324).
 beta_fil  =  (6631553655158615149675623129623162677241822910215882653533717612120065883/83943534780477994595045413660685932030204177303703822995861631993264 -655830573074709935422107285588253536132814012570790947503022360153531019/209858836951194986487613534151714830075510443259259557489654079983160 3226542095733537037626805717478575236565118584446084494706984494526347/20985883695119498648761353415171483007551044325925955748965407998316).
 gamma_fil =  (1856853052499646341661212877841087674940787815190556129110209049139454470365668503772599/1217842742042178739471245946299241974419686647828482186125656878702946361283711759140*x^2 - 437714771605299011039150182026268108047124023531891077250775480664162277112501145512379627/82813306458868154284044724348348454260538692052336788656544667751800352567292399621520*x - 361615058943180105109736338280917096124489697721687505680121583150330720521155464593919931/66250645167094523427235779478678763408430953641869430925235734201440282053833919697216   962872010773495915129209167730330920744047288598693728441476780505026719939814687915070561/331253225835472617136178897393393817042154768209347154626178671007201410269169598486080*x - 146198278922631660307670199071741982170904148615826160974010953282465565926655068511199399/165626612917736308568089448696696908521077384104673577313089335503600705134584799243040   -92660672816087000515308889044805443349429626618787601902244731819130354906315673533945561/165626612917736308568089448696696908521077384104673577313089335503600705134584799243040   0).

 Computing Frobenius structure for correspondence 1.
 Computing Hodge filtration for correspondence 2.
 eta =  (1157568098264855994117346785813388710118420541921733062572775349175709264403/5211672444965427071804701073987664998186322398608032543735525869173024 548928451922894425629256133874627007516893374240175749605415446458536118129/651459055620678383975587634248458124773290299826004067966940733646628).
 beta_fil  =  (-2326492060848464018617757872593795944352583256974623673659623752771831713/36066937335400879389651910546627439433815379921162854973948275911232 3553882132477056681886012495891842462871063709768735845227914881300367/1387189897515418438063535021024132285915976150813955960536472150432 -1159921308178252936898929977882938556579329810787940735144849975572993/9016734333850219847412977636656859858453844980290713743487068977808).
 gamma_fil =  (-125830833168293548008000345256292372629792335376531230119781160708549867910676260657525/104650960854755479502875861430689974853555686908516070933450423629860213229555018864*x^2 + 29141510842373538884645513638568453529749695243203160663225621254675127361233243577073027/7116265338123372606195558577286918290041786709779092823474628806830494499609741282752*x + 121377583725775527859696696578702445725722767266664104705074042487298533167513840766683677/28465061352493490424782234309147673160167146839116371293898515227321977998438965131008   -65143044016340840241313107461390457508923919277848727523512564296669730079999004889370615/28465061352493490424782234309147673160167146839116371293898515227321977998438965131008*x + 9897854207915398084810960919099206954736074535439331038164887326080437347959815603052313/14232530676246745212391117154573836580083573419558185646949257613660988999219482565504   6274549432802242969336913164206203500058839930619048993211804068903074005589612426719243/14232530676246745212391117154573836580083573419558185646949257613660988999219482565504   0).

 Computing Frobenius structure for correspondence 2.
 The quadratic Chabauty function for correspondence 1 is correct to precision 3^12.
 The quadratic Chabauty function for correspondence 2 is correct to precision 3^12.
 All roots of the quadratic Chabauty function(s) are correct to precision at least 3^9.

 The common roots of the quadratic Chabauty function(s) in this affine patch are 
 [
[ O(3^12), -4 + O(3^12) ],
[ 3 + O(3^12), -8 + O(3^12) ],
[ O(3^12), -2 + O(3^12) ],
[ -1 + O(3^12), O(3^12) ],
[ -44287 + O(3^11), -2 + O(3^11) ],
[ 88573 + O(3^11), -2 + O(3^11) ]
] 

Time: 32.760
Rational points on Xns(13)+ [ (1 : -1 : 1), (2 : -2 : 1), (0 : 0 : 1), (-1/2 : -1 : 1), (-1 : 1 : 0), (1 : 0 : 0), (0 : 1 : 0) ]

  For completeness, we include the quadratic Chabauty computation as
  described in the paper `Explicit Chabauty-Kim for the split Cartan
  curve of level 13`, using the prime p=17 and a hard-coded basis of 
  H^1. 
  We leave out the computation of the rational points
  in the bad disk, since this is somewhat harder to incorporate into
  our main function (see qc_C188.m for an examples where this is applied).

 Computing Hodge filtration for correspondence 1.
 eta =  (  -82 592/3    50).
 beta_fil  =  (   0 -1/2 -7/2).
 gamma_fil =  (-21/2*x + 5/3          -5/6             0             0).

 Computing Frobenius structure for correspondence 1.
 Computing Hodge filtration for correspondence 2.
 eta =  (     66 -2516/9  -202/3).
 beta_fil  =  (   0    1 14/3).
 gamma_fil =  (14*x - 10/3         5/3           0           0).

 Computing Frobenius structure for correspondence 2.
 The quadratic Chabauty function for correspondence 1 is correct to precision 17^13.
 The quadratic Chabauty function for correspondence 2 is correct to precision 17^13.
 All roots of the quadratic Chabauty function(s) are correct to precision at least 17^11.

 The common roots of the quadratic Chabauty function(s) in this affine patch are 
 [
[ O(17^13), O(17^13) ],
[ O(17^13), 2 + O(17^13) ],
[ -4952289016452968 + O(17^13), -4952289016452968 + O(17^13) ],
[ 291311118614879 + O(17^12), -291311118614879 + O(17^12) ]
] 

Good affine rational points on first patch: [
[ 0, 2 ],
[ 0, 0 ],
[ -3/2, 3/2 ],
[ 1/2, 1/2 ]
]

Compute the rational points on second affine patch
 Computing Hodge filtration for correspondence 1.
 eta =  (       0 -1212/35   -126/5).
 beta_fil  =  (33/56     0 39/14).
 gamma_fil =  (-114/35 -114/35       0       0).

 Computing Frobenius structure for correspondence 1.
 Computing Hodge filtration for correspondence 2.
 eta =  (      0 5224/35     4/5).
 beta_fil  =  (  -3/7      0 -43/14).
 gamma_fil =  (144/35 144/35      0      0).

 Computing Frobenius structure for correspondence 2.
 The quadratic Chabauty function for correspondence 1 is correct to precision 17^13.
 The quadratic Chabauty function for correspondence 2 is correct to precision 17^13.
 All roots of the quadratic Chabauty function(s) are correct to precision at least 17^11.

 The common roots of the quadratic Chabauty function(s) in this affine patch are 
 [
[ O(17^13), -1 + O(17^14) ],
[ O(17^13), 1 + O(17^13) ],
[ -194207412409921 + O(17^12), -1 + O(17^12) ],
[ 2 + O(17^13), 1 + O(17^13) ]
] 

Good affine rational points on second patch: [
[ 2, 1 ],
[ 0, 1 ],
[ 0, -1 ],
[ -2/3, -1 ]
]

Total time: 283.769 seconds, Total memory usage: 214.53MB
